2021-05-31 22:14:43,121 Error while loading Group A: Group A file not found
2021-05-31 22:52:16,122 File loading Config: {'group_a': True, 'group_b': True, 'target': True}
2021-05-31 22:52:16,122 Error while loading Group A: Group A file not found.
2021-05-31 22:53:35,304 File loading Config: {'group_a': True, 'group_b': False, 'target': False}
2021-05-31 22:54:25,243 File loading Config: {'group_a': True, 'group_b': True, 'target': True}
2021-05-31 22:54:25,243 Error while loading Group A: Group A file not found.
2021-05-31 22:54:25,293 Error while loading Group B: Group B file not found.
2021-05-31 22:54:25,346 Error while loading Target: Target file not found.
2021-05-31 23:21:19,326 File loading Config: {'group_a': True, 'group_b': True, 'target': True}
2021-05-31 23:21:19,327 Error while loading Group A: Group A file not found.
2021-05-31 23:28:12,705 File loading Config: {'group_a': True, 'group_b': True, 'target': True}
2021-05-31 23:28:12,705 Error while loading Group A: Group A file not found.
2021-05-31 23:30:05,856 File loading Config: {'group_a': True, 'group_b': True, 'target': True}
2021-05-31 23:30:05,856 Error while loading Group A: Group A file not found.
2021-05-31 23:31:40,582 File loading Config: {'group_a': True, 'group_b': True, 'target': True}
2021-05-31 23:31:40,582 Error while loading Group A: Group A file not found.
2021-05-31 23:32:20,507 File loading Config: {'group_a': True, 'group_b': True, 'target': True}
2021-05-31 23:32:20,507 Error while loading Group A: Group A file not found.
2021-05-31 23:34:09,720 File loading Config: {'group_a': True, 'group_b': True, 'target': True}
2021-05-31 23:34:09,721 Error while loading Group A: Group A file not found.
2021-05-31 23:37:09,893 File loading Config: {'group_a': True, 'group_b': True, 'target': True}
2021-05-31 23:37:10,048 Error while loading Group A: Group A file not found.
2021-05-31 23:37:15,928 File loading Config: {'group_a': True, 'group_b': True, 'target': True}
2021-05-31 23:37:16,084 Error while loading Group A: Group A file not found.
2021-05-31 23:37:21,217 File loading Config: {'group_a': False, 'group_b': True, 'target': True}
2021-05-31 23:37:21,361 Error while loading Group B: Group B file not found.
2021-05-31 23:37:26,266 File loading Config: {'group_a': False, 'group_b': False, 'target': True}
2021-05-31 23:37:26,417 Error while loading Target: Target file not found.
2021-05-31 23:37:54,721 File loading Config: {'group_a': False, 'group_b': False, 'target': True}
2021-05-31 23:38:26,284 File loading Config: {'group_a': False, 'group_b': True, 'target': False}
2021-05-31 23:38:51,473 File loading Config: {'group_a': True, 'group_b': False, 'target': False}
2021-05-31 23:38:59,233 File loading Config: {'group_a': False, 'group_b': False, 'target': False}
2021-05-31 23:40:33,133 File loading Config: {'group_a': True, 'group_b': True, 'target': True}
2021-05-31 23:40:33,197 Error while loading Group A: Group A file not found.
2021-05-31 23:41:30,432 File loading Config: {'group_a': True, 'group_b': True, 'target': True}
2021-05-31 23:41:30,824 Error while loading Group A: Group A file not found.
2021-05-31 23:42:14,100 File loading Config: {'group_a': False, 'group_b': True, 'target': True}
2021-05-31 23:42:14,491 Error while loading Group B: Group B file not found.
2021-05-31 23:42:29,260 File loading Config: {'group_a': False, 'group_b': False, 'target': True}
2021-05-31 23:42:29,328 Error while loading Target: Target file not found.
2021-05-31 23:43:23,718 File loading Config: {'group_a': True, 'group_b': False, 'target': False}
2021-05-31 23:44:24,641 File loading Config: {'group_a': True, 'group_b': False, 'target': False}
2021-05-31 23:44:37,366 File loading Config: {'group_a': True, 'group_b': False, 'target': False}
2021-05-31 23:44:37,426 Error while loading Group A: Group A file not found.
2021-05-31 23:44:51,314 File loading Config: {'group_a': False, 'group_b': True, 'target': False}
2021-05-31 23:45:08,252 File loading Config: {'group_a': False, 'group_b': True, 'target': False}
2021-05-31 23:45:16,615 File loading Config: {'group_a': False, 'group_b': True, 'target': False}
2021-05-31 23:45:24,880 File loading Config: {'group_a': False, 'group_b': True, 'target': False}
2021-05-31 23:45:25,031 Error while loading Group B: Group B file not found.
2021-05-31 23:46:37,542 File loading Config: {'group_a': True, 'group_b': True, 'target': True}
2021-05-31 23:46:37,734 Error while loading Group A: Group A file not found.
2021-05-31 23:46:45,629 File loading Config: {'group_a': False, 'group_b': False, 'target': True}
2021-05-31 23:46:55,210 File loading Config: {'group_a': False, 'group_b': False, 'target': True}
2021-05-31 23:47:04,356 File loading Config: {'group_a': False, 'group_b': False, 'target': True}
2021-05-31 23:47:04,417 Error while loading Target: Target file not found.
2021-05-31 23:47:17,735 File loading Config: {'group_a': False, 'group_b': True, 'target': True}
2021-05-31 23:47:18,416 Error while loading Group B: Group B file not found.
2021-05-31 23:52:20,647 File loading Config: {'group_a': False, 'group_b': False, 'target': True}
2021-05-31 23:52:20,787 Error while loading Target: Target file not found.
2021-05-31 23:59:02,217 File loading Config: {'group_a': False, 'group_b': False, 'target': True}
2021-05-31 23:59:02,367 Error while loading Target: Target file not found.
2021-05-31 23:59:15,186 File loading Config: {'group_a': False, 'group_b': False, 'target': True}
2021-05-31 23:59:15,349 Error while loading Target: Target file not found.
2021-05-31 23:59:28,521 File loading Config: {'group_a': False, 'group_b': False, 'target': True}
2021-05-31 23:59:28,661 Error while loading Target: Target file not found.
2021-05-31 23:59:50,419 File loading Config: {'group_a': False, 'group_b': False, 'target': True}
2021-06-01 00:00:00,808 File loading Config: {'group_a': False, 'group_b': True, 'target': False}
2021-06-01 00:00:11,410 File loading Config: {'group_a': True, 'group_b': False, 'target': False}
2021-06-01 01:03:10,140 File loading Config: {'group_a': False, 'group_b': True, 'target': False}
2021-06-01 01:03:11,638 Error while loading Group B: Header's not matching on Group B.
2021-06-01 01:06:11,299 File loading Config: {'group_a': False, 'group_b': True, 'target': False}
2021-06-01 01:06:12,006 Error while loading Group B: Header's not matching on Group B.
2021-06-01 01:08:33,382 File loading Config: {'group_a': False, 'group_b': True, 'target': False}
2021-06-01 01:08:34,067 Error while loading Group B: Header's not matching on Group B.
2021-06-01 01:13:23,620 File loading Config: {'group_a': False, 'group_b': True, 'target': False}
2021-06-01 01:13:24,211 Error while loading Group B: Header's not matching on Group B.
2021-06-01 01:23:23,472 File loading Config: {'group_a': False, 'group_b': True, 'target': False}
2021-06-01 01:23:25,172 Error while loading Group B: Header's not matching on Group B.
2021-06-01 01:26:45,082 File loading Config: {'group_a': False, 'group_b': True, 'target': True}
2021-06-01 01:26:47,103 Error while loading Target: "['4', '5', '6'] not in index"
2021-06-01 01:27:48,957 File loading Config: {'group_a': False, 'group_b': True, 'target': True}
