2020-09-07 19:40:09,918 Error at Sending - anne.gibsonhawke@gmail.com - replace() argument 2 must be str, not int
2020-09-07 19:40:12,714 Error at Sending - veronica.gibsonhawke@gmail.com - replace() argument 2 must be str, not int
2020-09-16 03:15:52,637 Error at Sending - veronica.gibsonhawke@gmail.com - Socket error: 0x02: Connection not allowed by ruleset
2020-09-16 03:15:52,651 Error at Sending - april.gibsonhawke@gmail.com - Socket error: 0x02: Connection not allowed by ruleset
2020-09-16 03:15:52,659 Error at Sending - anne.gibsonhawke@gmail.com - Socket error: 0x02: Connection not allowed by ruleset
2020-09-16 03:15:52,667 Error at Sending - jamie.gibsonhawke@gmail.com - Socket error: 0x02: Connection not allowed by ruleset
2020-09-16 03:21:30,954 Error at Sending - jamie.gibsonhawke@gmail.com - Socket error: 0x02: Connection not allowed by ruleset
2020-09-16 03:21:30,960 Error at Sending - april.gibsonhawke@gmail.com - Socket error: 0x02: Connection not allowed by ruleset
2020-09-16 03:21:30,961 Error at Sending - anne.gibsonhawke@gmail.com - Socket error: 0x02: Connection not allowed by ruleset
2020-09-16 03:21:30,962 Error at Sending - veronica.gibsonhawke@gmail.com - Socket error: 0x02: Connection not allowed by ruleset
2020-09-16 03:24:50,605 Error at Sending - jamie.gibsonhawke@gmail.com - Socket error: 0x02: Connection not allowed by ruleset
2020-09-16 03:24:50,621 Error at Sending - anne.gibsonhawke@gmail.com - Socket error: 0x02: Connection not allowed by ruleset
2020-09-16 03:24:50,624 Error at Sending - april.gibsonhawke@gmail.com - Socket error: 0x02: Connection not allowed by ruleset
2020-09-16 03:24:50,638 Error at Sending - veronica.gibsonhawke@gmail.com - Socket error: 0x02: Connection not allowed by ruleset
2020-09-16 03:29:41,714 Error at Sending - pearl.valdez1980@gmail.com - Socket error: 0x02: Connection not allowed by ruleset
2020-09-16 03:31:53,851 Error at Sending - jamie.gibsonhawke@gmail.com - Socket error: 0x02: Connection not allowed by ruleset
2020-09-16 03:31:53,863 Error at Sending - april.gibsonhawke@gmail.com - Socket error: 0x02: Connection not allowed by ruleset
2020-09-16 03:31:53,865 Error at Sending - veronica.gibsonhawke@gmail.com - Socket error: 0x02: Connection not allowed by ruleset
2020-09-16 03:31:53,866 Error at Sending - anne.gibsonhawke@gmail.com - Socket error: 0x02: Connection not allowed by ruleset
2020-09-16 03:38:11,080 Error at Sending - pearl.valdez1980@gmail.com - Socket error: 0x02: Connection not allowed by ruleset
2020-09-16 03:41:51,054 Error at Sending - pearl.valdez1980@gmail.com - Socket error: 0x02: Connection not allowed by ruleset
2020-09-16 04:06:08,941 Error at Sending - pearl.valdez1980@gmail.com - Socket error: 0x02: Connection not allowed by ruleset
2020-09-21 06:23:17,626 Error at Sending - pearl.valdez1980@gmail.com - Socket error: 0x02: Connection not allowed by ruleset
2020-09-26 05:09:35,588 Error at Sending - pearl.valdez1980@gmail.com - Socket error: 0x02: Connection not allowed by ruleset
2020-10-07 12:27:18,721 Error at Sending - Dorothea.ascendviral@gmail.com - Socket error: 0x02: Connection not allowed by ruleset
2020-10-07 12:27:18,736 Error at Sending - Leona.ascendviral@gmail.com - Socket error: 0x02: Connection not allowed by ruleset
2020-10-07 12:27:18,743 Error at Sending - Debrah.ascendviral@gmail.com - Socket error: 0x02: Connection not allowed by ruleset
2020-10-07 12:27:18,872 Error at Sending - Helen.ascendviral@gmail.com - Socket error: 0x02: Connection not allowed by ruleset
2020-10-07 12:27:18,925 Error at Sending - Danielle.ascendviral@gmail.com - Socket error: 0x02: Connection not allowed by ruleset
2020-10-07 12:27:18,953 Error at Sending - Karen.ascendviral@gmail.com - Socket error: 0x02: Connection not allowed by ruleset
2020-10-07 12:28:18,392 Error at Sending - Leona.ascendviral@gmail.com - Socket error: 0x02: Connection not allowed by ruleset
2020-10-07 12:28:18,442 Error at Sending - Debrah.ascendviral@gmail.com - Socket error: 0x02: Connection not allowed by ruleset
2020-10-07 12:28:18,448 Error at Sending - Dorothea.ascendviral@gmail.com - Socket error: 0x02: Connection not allowed by ruleset
2020-10-07 12:28:18,654 Error at Sending - Helen.ascendviral@gmail.com - Socket error: 0x02: Connection not allowed by ruleset
2020-10-07 12:28:18,688 Error at Sending - Karen.ascendviral@gmail.com - Socket error: 0x02: Connection not allowed by ruleset
2020-10-07 12:28:19,327 Error at Sending - Danielle.ascendviral@gmail.com - Socket error: 0x02: Connection not allowed by ruleset
2020-10-07 12:29:51,969 Error at Sending - Debrah.ascendviral@gmail.com - Socket error: 0x02: Connection not allowed by ruleset
2020-10-07 12:29:51,995 Error at Sending - Dorothea.ascendviral@gmail.com - Socket error: 0x02: Connection not allowed by ruleset
2020-10-07 12:29:52,007 Error at Sending - Leona.ascendviral@gmail.com - Socket error: 0x02: Connection not allowed by ruleset
2020-10-07 12:29:52,138 Error at Sending - Helen.ascendviral@gmail.com - Socket error: 0x02: Connection not allowed by ruleset
2020-10-07 12:29:52,150 Error at Sending - Danielle.ascendviral@gmail.com - Socket error: 0x02: Connection not allowed by ruleset
2020-10-07 12:29:52,353 Error at Sending - Karen.ascendviral@gmail.com - Socket error: 0x02: Connection not allowed by ruleset
2020-10-07 12:36:33,537 Error at Sending - Debrah.ascendviral@gmail.com - Socket error: 0x02: Connection not allowed by ruleset
2020-10-07 12:36:33,571 Error at Sending - Leona.ascendviral@gmail.com - Socket error: 0x02: Connection not allowed by ruleset
2020-10-07 12:36:33,577 Error at Sending - Dorothea.ascendviral@gmail.com - Socket error: 0x02: Connection not allowed by ruleset
2020-10-07 12:36:33,688 Error at Sending - Danielle.ascendviral@gmail.com - Socket error: 0x02: Connection not allowed by ruleset
2020-10-07 12:36:33,710 Error at Sending - Karen.ascendviral@gmail.com - Socket error: 0x02: Connection not allowed by ruleset
2020-10-07 12:36:33,730 Error at Sending - Helen.ascendviral@gmail.com - Socket error: 0x02: Connection not allowed by ruleset
2020-10-07 12:37:13,836 Error at Sending - Leona.ascendviral@gmail.com - Socket error: 0x02: Connection not allowed by ruleset
2020-10-07 12:37:13,857 Error at Sending - Debrah.ascendviral@gmail.com - Socket error: 0x02: Connection not allowed by ruleset
2020-10-07 12:37:13,945 Error at Sending - Dorothea.ascendviral@gmail.com - Socket error: 0x02: Connection not allowed by ruleset
2020-10-07 12:37:14,021 Error at Sending - Karen.ascendviral@gmail.com - Socket error: 0x02: Connection not allowed by ruleset
2020-10-07 12:37:14,039 Error at Sending - Helen.ascendviral@gmail.com - Socket error: 0x02: Connection not allowed by ruleset
2020-10-07 12:37:14,055 Error at Sending - Danielle.ascendviral@gmail.com - Socket error: 0x02: Connection not allowed by ruleset
2020-10-07 12:37:31,275 Error at Sending - Dorothea.ascendviral@gmail.com - Socket error: 0x02: Connection not allowed by ruleset
2020-10-07 12:37:31,318 Error at Sending - Leona.ascendviral@gmail.com - Socket error: 0x02: Connection not allowed by ruleset
2020-10-07 12:37:31,376 Error at Sending - Debrah.ascendviral@gmail.com - Socket error: 0x02: Connection not allowed by ruleset
2020-10-07 12:37:31,469 Error at Sending - Helen.ascendviral@gmail.com - Socket error: 0x02: Connection not allowed by ruleset
2020-10-07 12:37:31,471 Error at Sending - Danielle.ascendviral@gmail.com - Socket error: 0x02: Connection not allowed by ruleset
2020-10-07 12:37:31,568 Error at Sending - Karen.ascendviral@gmail.com - Socket error: 0x02: Connection not allowed by ruleset
2020-10-07 12:54:58,479 Error at Sending - Danielle.ascendviral@gmail.com - Socket error: 0x02: Connection not allowed by ruleset
2020-10-07 13:18:22,217 Error at Sending - Danielle.ascendviral@gmail.com - Socket error: 0x02: Connection not allowed by ruleset
2020-10-07 13:18:24,231 Error at Sending - Karen.ascendviral@gmail.com - Socket error: 0x02: Connection not allowed by ruleset
2020-10-07 13:18:26,360 Error at Sending - Helen.ascendviral@gmail.com - Socket error: 0x02: Connection not allowed by ruleset
2020-10-07 13:18:28,328 Error at Sending - Leona.ascendviral@gmail.com - Socket error: 0x02: Connection not allowed by ruleset
2020-10-07 13:18:30,238 Error at Sending - Debrah.ascendviral@gmail.com - Socket error: 0x02: Connection not allowed by ruleset
2020-10-07 13:18:32,266 Error at Sending - Dorothea.ascendviral@gmail.com - Socket error: 0x02: Connection not allowed by ruleset
2020-10-07 14:45:06,821 Error at Sending - Danielle.ascendviral@gmail.com - Socket error: 0x02: Connection not allowed by ruleset
2020-10-07 14:45:08,942 Error at Sending - Karen.ascendviral@gmail.com - Socket error: 0x02: Connection not allowed by ruleset
2020-10-07 14:45:10,966 Error at Sending - Helen.ascendviral@gmail.com - Socket error: 0x02: Connection not allowed by ruleset
2020-10-07 14:45:12,856 Error at Sending - Leona.ascendviral@gmail.com - Socket error: 0x02: Connection not allowed by ruleset
2020-10-07 14:45:14,899 Error at Sending - Debrah.ascendviral@gmail.com - Socket error: 0x02: Connection not allowed by ruleset
2020-10-07 14:45:16,919 Error at Sending - Dorothea.ascendviral@gmail.com - Socket error: 0x02: Connection not allowed by ruleset
